============================= test session starts =============================
platform win32 -- Python 3.12.4, pytest-9.0.2, pluggy-1.6.0 -- C:\Users\MatÝas Riquelme\Desktop\Contapymepuq\engine\.venv\Scripts\python.exe
cachedir: .pytest_cache
rootdir: C:\Users\MatÝas Riquelme\Desktop\Contapymepuq\engine
plugins: anyio-4.12.1
collecting ... collected 6 items

tests/test_payroll_calculator.py::test_standard_salary_calculation PASSED [ 16%]
tests/test_payroll_calculator.py::test_fixed_contract_afc PASSED         [ 33%]
tests/test_payroll_calculator.py::test_topes_uf PASSED                   [ 50%]
tests/test_payroll_calculator.py::test_impuesto_unico_calculation PASSED [ 66%]
tests/test_payroll_calculator.py::test_proportional_days PASSED          [ 83%]
tests/test_payroll_calculator.py::test_isapre_vs_fonasa PASSED           [100%]

============================== 6 passed in 0.02s ==============================
