============================= test session starts =============================
platform win32 -- Python 3.12.4, pytest-9.0.2, pluggy-1.6.0 -- C:\Users\MatÝas Riquelme\Desktop\Contapymepuq\engine\.venv\Scripts\python.exe
cachedir: .pytest_cache
rootdir: C:\Users\MatÝas Riquelme\Desktop\Contapymepuq\engine
plugins: anyio-4.12.1
collecting ... collected 6 items

tests/test_payroll_calculator.py::test_standard_salary_calculation FAILED [ 16%]
tests/test_payroll_calculator.py::test_fixed_contract_afc PASSED         [ 33%]
tests/test_payroll_calculator.py::test_topes_uf PASSED                   [ 50%]
tests/test_payroll_calculator.py::test_impuesto_unico_calculation PASSED [ 66%]
tests/test_payroll_calculator.py::test_proportional_days PASSED          [ 83%]
tests/test_payroll_calculator.py::test_isapre_vs_fonasa PASSED           [100%]

================================== FAILURES ===================================
______________________ test_standard_salary_calculation _______________________

default_settings = PayrollSettings(afp_tasa_cotizacion_pct=10.0, afp_comision_pct=1.27, afp_sis_pct=1.49, uf_tope_afp=84.3, salud_pct=7.0..., afc_indefinido_empresa_pct=2.4, afc_fijo_empresa_pct=3.0, uf_tope_afc=126.6, sueldo_minimo=529000, uf_valor=38045.54)

    def test_standard_salary_calculation(default_settings):
        """Test a 1,000,000 CLP salary with Fonasa and Indefinite contract."""
        emp = EmployeeInput(
            sueldo_base=1000000,
            tipo_contrato="indefinido",
            afp_comision_pct=1.27, # Habitat default
            salud_code="FONASA",
            plan_salud_uf=0,
            gratificacion_legal=True,
            dias_trabajados=30
        )
    
        res = calcular_liquidacion(emp, default_settings, utm_valor=UTM_VALOR)
    
        # Assertions
        # Gratificacion: 25% of 1M but capped at (4.75 * 529k)/12 = 209,395
        expected_grat = 209395 # int((4.75 * 529000) / 12)
        assert res.gratificacion == expected_grat
        assert res.sueldo_base == 1000000
    
        # Total Haberes Brutos: 1,000,000 + 209,404 = 1,209,404
>       assert res.total_haberes_brutos == 1209404
E       AssertionError: assert 1209395 == 1209404
E        +  where 1209395 = LiquidacionResult(sueldo_base=1000000, gratificacion=209395, asignacion_movilizacion=0, asignacion_colacion=0, horas_extra_monto=0, bono_extra=0, total_haberes_brutos=1209395, base_imponible_afp=1209395, base_imponible_salud=1209395, base_imponible_impuesto=981184, afp=120939, afp_comision=15359, salud=84657, salud_voluntaria=0, salud_total=84657, afc_trabajador=7256, impuesto_unico=2908, total_descuentos_legales=231119, afc_empresa=29025, sis_empresa=18019, total_cargos_empresa=47044, sueldo_liquido=978276, asignacion_familiar=0, dias_trabajados=30, afp_code='HABITAT', salud_code='FONASA', tipo_contrato='indefinido', uf_valor_usado=38045.54, advertencias=[]).total_haberes_brutos

tests\test_payroll_calculator.py:44: AssertionError
=========================== short test summary info ===========================
FAILED tests/test_payroll_calculator.py::test_standard_salary_calculation - A...
========================= 1 failed, 5 passed in 0.08s =========================
